{"/Users/matthewroydon/Projects/bank-teller/BankTeller.js": {"path":"/Users/matthewroydon/Projects/bank-teller/BankTeller.js","statementMap":{"0":{"start":{"line":3,"column":4},"end":{"line":3,"column":27}},"1":{"start":{"line":4,"column":4},"end":{"line":4,"column":21}},"2":{"start":{"line":8,"column":4},"end":{"line":8,"column":36}},"3":{"start":{"line":12,"column":4},"end":{"line":12,"column":36}},"4":{"start":{"line":16,"column":17},"end":{"line":16,"column":55}},"5":{"start":{"line":17,"column":15},"end":{"line":23,"column":6}},"6":{"start":{"line":18,"column":17},"end":{"line":18,"column":33}},"7":{"start":{"line":19,"column":19},"end":{"line":19,"column":80}},"8":{"start":{"line":20,"column":18},"end":{"line":20,"column":77}},"9":{"start":{"line":21,"column":20},"end":{"line":21,"column":50}},"10":{"start":{"line":22,"column":6},"end":{"line":22,"column":63}},"11":{"start":{"line":24,"column":4},"end":{"line":24,"column":34}},"12":{"start":{"line":28,"column":4},"end":{"line":30,"column":5}},"13":{"start":{"line":29,"column":6},"end":{"line":29,"column":49}},"14":{"start":{"line":31,"column":4},"end":{"line":33,"column":5}},"15":{"start":{"line":32,"column":6},"end":{"line":32,"column":46}},"16":{"start":{"line":35,"column":4},"end":{"line":40,"column":7}},"17":{"start":{"line":42,"column":4},"end":{"line":42,"column":75}},"18":{"start":{"line":47,"column":0},"end":{"line":47,"column":28}},"19":{"start":{"line":50,"column":15},"end":{"line":50,"column":31}},"20":{"start":{"line":52,"column":0},"end":{"line":52,"column":21}},"21":{"start":{"line":53,"column":0},"end":{"line":53,"column":21}},"22":{"start":{"line":54,"column":0},"end":{"line":54,"column":21}},"23":{"start":{"line":56,"column":0},"end":{"line":56,"column":37}}},"fnMap":{"0":{"name":"(anonymous_0)","decl":{"start":{"line":2,"column":2},"end":{"line":2,"column":3}},"loc":{"start":{"line":2,"column":15},"end":{"line":5,"column":3}},"line":2},"1":{"name":"(anonymous_1)","decl":{"start":{"line":7,"column":2},"end":{"line":7,"column":3}},"loc":{"start":{"line":7,"column":15},"end":{"line":9,"column":3}},"line":7},"2":{"name":"(anonymous_2)","decl":{"start":{"line":11,"column":2},"end":{"line":11,"column":3}},"loc":{"start":{"line":11,"column":16},"end":{"line":13,"column":3}},"line":11},"3":{"name":"(anonymous_3)","decl":{"start":{"line":15,"column":2},"end":{"line":15,"column":3}},"loc":{"start":{"line":15,"column":19},"end":{"line":25,"column":3}},"line":15},"4":{"name":"(anonymous_4)","decl":{"start":{"line":17,"column":55},"end":{"line":17,"column":56}},"loc":{"start":{"line":17,"column":72},"end":{"line":23,"column":5}},"line":17},"5":{"name":"(anonymous_5)","decl":{"start":{"line":27,"column":2},"end":{"line":27,"column":3}},"loc":{"start":{"line":27,"column":31},"end":{"line":43,"column":3}},"line":27}},"branchMap":{"0":{"loc":{"start":{"line":19,"column":19},"end":{"line":19,"column":80}},"type":"cond-expr","locations":[{"start":{"line":19,"column":40},"end":{"line":19,"column":75}},{"start":{"line":19,"column":78},"end":{"line":19,"column":80}}],"line":19},"1":{"loc":{"start":{"line":20,"column":18},"end":{"line":20,"column":77}},"type":"cond-expr","locations":[{"start":{"line":20,"column":38},"end":{"line":20,"column":72}},{"start":{"line":20,"column":75},"end":{"line":20,"column":77}}],"line":20},"2":{"loc":{"start":{"line":28,"column":4},"end":{"line":30,"column":5}},"type":"if","locations":[{"start":{"line":28,"column":4},"end":{"line":30,"column":5}},{"start":{},"end":{}}],"line":28},"3":{"loc":{"start":{"line":28,"column":8},"end":{"line":28,"column":56}},"type":"binary-expr","locations":[{"start":{"line":28,"column":9},"end":{"line":28,"column":15}},{"start":{"line":28,"column":19},"end":{"line":28,"column":30}},{"start":{"line":28,"column":36},"end":{"line":28,"column":41}},{"start":{"line":28,"column":45},"end":{"line":28,"column":55}}],"line":28},"4":{"loc":{"start":{"line":31,"column":4},"end":{"line":33,"column":5}},"type":"if","locations":[{"start":{"line":31,"column":4},"end":{"line":33,"column":5}},{"start":{},"end":{}}],"line":31},"5":{"loc":{"start":{"line":31,"column":8},"end":{"line":31,"column":37}},"type":"binary-expr","locations":[{"start":{"line":31,"column":8},"end":{"line":31,"column":13}},{"start":{"line":31,"column":17},"end":{"line":31,"column":37}}],"line":31},"6":{"loc":{"start":{"line":39,"column":31},"end":{"line":39,"column":42}},"type":"binary-expr","locations":[{"start":{"line":39,"column":31},"end":{"line":39,"column":37}},{"start":{"line":39,"column":41},"end":{"line":39,"column":42}}],"line":39},"7":{"loc":{"start":{"line":39,"column":47},"end":{"line":39,"column":57}},"type":"binary-expr","locations":[{"start":{"line":39,"column":47},"end":{"line":39,"column":52}},{"start":{"line":39,"column":56},"end":{"line":39,"column":57}}],"line":39}},"s":{"0":11,"1":11,"2":12,"3":6,"4":10,"5":10,"6":19,"7":19,"8":19,"9":19,"10":19,"11":10,"12":18,"13":2,"14":16,"15":1,"16":15,"17":15,"18":1,"19":1,"20":1,"21":1,"22":1,"23":1},"f":{"0":11,"1":12,"2":6,"3":10,"4":19,"5":18},"b":{"0":[12,7],"1":[5,14],"2":[2,16],"3":[18,11,17,5],"4":[1,15],"5":[16,4],"6":[15,5],"7":[15,12]},"_coverageSchema":"1a1c01bbd47fc00a2c39e90264f33305004495a9","hash":"d97a48fd7a4e1e0a2fc44c339b457409799f8d6b"}
}
