TN:
SF:BankTeller.js
FN:2,(anonymous_0)
FN:7,(anonymous_1)
FN:11,(anonymous_2)
FN:15,(anonymous_3)
FN:17,(anonymous_4)
FN:27,(anonymous_5)
FNF:6
FNH:6
FNDA:11,(anonymous_0)
FNDA:12,(anonymous_1)
FNDA:6,(anonymous_2)
FNDA:10,(anonymous_3)
FNDA:19,(anonymous_4)
FNDA:18,(anonymous_5)
DA:3,11
DA:4,11
DA:8,12
DA:12,6
DA:16,10
DA:17,10
DA:18,19
DA:19,19
DA:20,19
DA:21,19
DA:22,19
DA:24,10
DA:28,18
DA:29,2
DA:31,16
DA:32,1
DA:35,15
DA:42,15
DA:47,1
DA:50,1
DA:52,1
DA:53,1
DA:54,1
DA:56,1
LF:24
LH:24
BRDA:19,0,0,12
BRDA:19,0,1,7
BRDA:20,1,0,5
BRDA:20,1,1,14
BRDA:28,2,0,2
BRDA:28,2,1,16
BRDA:28,3,0,18
BRDA:28,3,1,11
BRDA:28,3,2,17
BRDA:28,3,3,5
BRDA:31,4,0,1
BRDA:31,4,1,15
BRDA:31,5,0,16
BRDA:31,5,1,4
BRDA:39,6,0,15
BRDA:39,6,1,5
BRDA:39,7,0,15
BRDA:39,7,1,12
BRF:18
BRH:18
end_of_record
